//You can find all localization changes in zh-Hans in this file
//This may assist you in creating localizations for other languages

[3.17-Changes]
[Mods.CalamityEntropy.YoungMasterDashCD] - added
[Mods.CalamityEntropy.Projectiles.YoungMasterProj.DisplayName] - added
[Mods.CalamityEntropy.Projectiles.TectinicShardAshesCore.DisplayName] - removed
[Mods.CalamityEntropy.Projectiles.TectinicShardHoming.DisplayName] - removed
[Mods.CalamityEntropy.Projectiles.VoisenBullet.DisplayName] - added
[Mods.CalamityEntropy.Projectiles.YMSlash.DisplayName] - added
[Mods.CalamityEntropy.Projectiles.YoungMasterMark.$parentVal] - added
[Mods.CalamityEntropy.Projectiles.YoungMasterDash.DisplayName] - added
[Mods.CalamityEntropy.AbyssalStorm] - added
[Mods.CalamityEntropy.Buffs.WhipOfEvilKingWhipDebuff.Description] - added
[Mods.CalamityEntropy.Buffs.WhipOfEvilKingWhipDebuff.DisplayName] - added
[Mods.CalamityEntropy.Buffs.SinewLashWhipDebuff.Description] - added
[Mods.CalamityEntropy.Buffs.SinewLashWhipDebuff.DisplayName] - added
[Mods.CalamityEntropy.Buffs.BonePiercingToxin.ItemTooltip] - added
[Mods.CalamityEntropy.Buffs.ForeseeWhipDebuff.Description] - added
[Mods.CalamityEntropy.Buffs.ForeseeWhipDebuff.DisplayName] - added
[Mods.CalamityEntropy.Buffs.LifeOppress.ItemTooltip] - added
[Mods.CalamityEntropy.Buffs.MindCorruptorWhipDebuff.Description] - added
[Mods.CalamityEntropy.Buffs.MindCorruptorWhipDebuff.DisplayName] - added
[Mods.CalamityEntropy.Buffs.TwistedTwinBuff.ItemTooltip] - added
[Mods.CalamityEntropy.Buffs.MechanicalTrauma.ItemTooltip] - added
[Mods.CalamityEntropy.Buffs.WindPressure.ItemTooltip] - added
[Mods.CalamityEntropy.Buffs.LashingBramblerodWhipDebuff.Description] - added
[Mods.CalamityEntropy.Buffs.LashingBramblerodWhipDebuff.DisplayName] - added
[Mods.CalamityEntropy.Buffs.CrystedgeWhipDebuff.Description] - added
[Mods.CalamityEntropy.Buffs.CrystedgeWhipDebuff.DisplayName] - added
[Mods.CalamityEntropy.Buffs.VoidVirus.ItemTooltip] - added
[Mods.CalamityEntropy.Buffs.DaylightWhipDebuff.Description] - added
[Mods.CalamityEntropy.Buffs.DaylightWhipDebuff.DisplayName] - added
[Mods.CalamityEntropy.Items.YoungMaster.DisplayName] - added
[Mods.CalamityEntropy.Items.YoungMaster.Tooltip] - added
[Mods.CalamityEntropy.Items.VoidRelics.Tooltip] - changed
[Mods.CalamityEntropy.Items.Weapons.Rogue.ProphecyFlyingKnife.Tooltip] - changed
